[15:18:24] [ServerMain/INFO]: Environment: Environment[sessionHost=https://sessionserver.mojang.com, servicesHost=https://api.minecraftservices.com, name=PROD]
[15:18:28] [ServerMain/INFO]: Loaded 1290 recipes
[15:18:29] [ServerMain/INFO]: Loaded 1399 advancements
[15:18:30] [Server thread/INFO]: Starting minecraft server version 1.21.1
[15:18:30] [Server thread/INFO]: Loading properties
[15:18:30] [Server thread/INFO]: Default game type: SURVIVAL
[15:18:30] [Server thread/INFO]: Generating keypair
[15:18:30] [Server thread/INFO]: Starting Minecraft server on *:25565
[15:18:30] [Server thread/INFO]: Using epoll channel type
[15:18:30] [Server thread/WARN]: **** SERVER IS RUNNING IN OFFLINE/INSECURE MODE!
[15:18:30] [Server thread/WARN]: The server will make no attempt to authenticate usernames. Beware.
[15:18:30] [Server thread/WARN]: While this makes the game possible to play without internet access, it also opens up the ability for hackers to connect with any username they choose.
[15:18:30] [Server thread/WARN]: To change this, set "online-mode" to "true" in the server.properties file.
[15:18:30] [Server thread/INFO]: Preparing level "world"
[15:18:44] [Server thread/INFO]: Preparing start region for dimension minecraft:overworld
[15:18:44] [Worker-Main-1/INFO]: Preparing spawn area: 0%
[15:18:44] [Worker-Main-1/INFO]: Preparing spawn area: 0%
[15:18:45] [Worker-Main-1/INFO]: Preparing spawn area: 40%
[15:18:45] [Worker-Main-1/INFO]: Preparing spawn area: 40%
[15:18:46] [Server thread/INFO]: Time elapsed: 1860 ms
[15:18:46] [Server thread/INFO]: Done (15.483s)! For help, type "help"
[15:19:00] [Server thread/INFO]: Jmat_2[/127.31.58.135:53413] logged in with entity id 4 at (2463.0608219614155, 63.5, 660.3000000119209)
[15:19:00] [Server thread/INFO]: Jmat_2 joined the game
[15:19:01] [Server thread/WARN]: Can't keep up! Is the server overloaded? Running 2633ms or 52 ticks behind
[15:19:27] [Server thread/WARN]: Jmat_2 moved wrongly!
[15:19:33] [Server thread/WARN]: Can't keep up! Is the server overloaded? Running 17061ms or 341 ticks behind
[15:22:55] [Server thread/INFO]: Maycol_27x[/127.137.81.102:44413] logged in with entity id 4180 at (2316.4104101107587, 184.0, 802.305116528238)
[15:22:55] [Server thread/INFO]: Maycol_27x joined the game
[15:23:19] [Server thread/INFO]: nael_binbolo[/127.171.65.9:37919] logged in with entity id 4724 at (2517.9572659811283, 64.0, 670.2251298498613)
[15:23:19] [Server thread/INFO]: nael_binbolo joined the game
[15:23:49] [Server thread/INFO]: nael_binbolo lost connection: Timed out
[15:23:49] [Server thread/INFO]: nael_binbolo left the game
[15:23:49] [Server thread/WARN]: handleDisconnection() called twice
[15:24:29] [Server thread/INFO]: nael_binbolo[/127.171.65.9:41611] logged in with entity id 5818 at (2517.9572659811283, 64.0, 670.2251298498613)
[15:24:29] [Server thread/INFO]: nael_binbolo joined the game
[15:24:49] [Server thread/WARN]: Maycol_27x moved too quickly! 0.007953709800858633,-15.991086643450188,-6.830536499405412
[15:24:56] [Server thread/WARN]: Maycol_27x moved too quickly! -13.501549712449105,-9.045724010867502,6.326848517710005
[15:25:01] [Server thread/WARN]: Maycol_27x moved too quickly! -6.361907859388793,-9.9481726204437,13.332487671034755
[15:25:14] [Server thread/WARN]: Maycol_27x moved too quickly! -6.384675112724381,-0.9980953547296068,-16.741541159587655
[15:27:30] [Server thread/WARN]: Maycol_27x moved too quickly! 11.402187652932753,3.1021387367937265,-13.772594935072334
[15:27:38] [Server thread/INFO]: Jmat_2 has made the advancement [Total Beelocation]
[15:27:39] [Server thread/WARN]: Maycol_27x moved too quickly! 11.411109884673806,3.89923504820149,-13.561634974506092
[15:29:11] [Server thread/INFO]: [Not Secure] <Jmat_2> a
[15:29:59] [Server thread/INFO]: Leytter[/127.194.163.136:53955] logged in with entity id 10839 at (2503.456545628746, 64.0, 664.0528601264318)
[15:29:59] [Server thread/INFO]: Leytter joined the game
[15:30:22] [Server thread/INFO]: [Not Secure] <Leytter> tengo el cielo personalizado activado XD
[15:30:30] [Server thread/INFO]: nael_binbolo lost connection: Timed out
[15:30:30] [Server thread/INFO]: nael_binbolo left the game
[15:31:09] [Server thread/INFO]: [Not Secure] <Leytter> tu ere negro
[15:31:13] [Server thread/INFO]: [Not Secure] <Leytter> tu skin
[15:31:39] [Server thread/INFO]: [Not Secure] <Leytter> cuantos tienes
[15:31:40] [Server thread/INFO]: [Not Secure] <Leytter> ten
[15:32:21] [Server thread/INFO]: [Not Secure] <Leytter> yo
[15:32:42] [Server thread/INFO]: [Not Secure] <Leytter> se reviltieron los papeles
[15:32:59] [Server thread/INFO]: [Not Secure] <Leytter> MIS ESCLAVOS
[15:36:11] [Server thread/INFO]: nael_binbolo[/127.171.65.9:60557] logged in with entity id 16083 at (2486.300710318581, 66.92159999847412, 684.7082903097489)
[15:36:11] [Server thread/INFO]: nael_binbolo joined the game
[15:36:41] [Server thread/INFO]: nael_binbolo lost connection: Timed out
[15:36:41] [Server thread/INFO]: nael_binbolo left the game
[15:36:41] [Server thread/WARN]: handleDisconnection() called twice
[15:37:49] [Server thread/INFO]: [Not Secure] <Leytter> YA ES suficiente no?¿
